<?xml version="1.0" encoding="UTF-8"?>
<testng-results skipped="0" failed="0" ignored="0" total="1" passed="1">
  <reporter-output>
  </reporter-output>
  <suite name="Suite" duration-ms="83614" started-at="2018-03-18T23:53:42Z" finished-at="2018-03-18T23:55:05Z">
    <groups>
      <group name="cucumber">
        <method signature="AbstractTestNGCucumberTests.feature(cucumber.api.testng.CucumberFeatureWrapper)[pri:0, instance:cucumberOptions.TestRunner@7225790e]" name="feature" class="cucumber.api.testng.AbstractTestNGCucumberTests"/>
      </group> <!-- cucumber -->
    </groups>
    <test name="Test" duration-ms="83614" started-at="2018-03-18T23:53:42Z" finished-at="2018-03-18T23:55:05Z">
      <class name="cucumberOptions.TestRunner">
        <test-method status="PASS" signature="setUpClass()[pri:0, instance:cucumberOptions.TestRunner@7225790e]" name="setUpClass" is-config="true" duration-ms="730" started-at="2018-03-18T23:53:42Z" finished-at="2018-03-18T23:53:42Z">
          <reporter-output>
          </reporter-output>
        </test-method> <!-- setUpClass -->
        <test-method status="PASS" signature="feature(cucumber.api.testng.CucumberFeatureWrapper)[pri:0, instance:cucumberOptions.TestRunner@7225790e]" name="feature" duration-ms="81334" started-at="2018-03-18T23:53:43Z" description="Runs Cucumber Feature" data-provider="features" finished-at="2018-03-18T23:55:04Z">
          <params>
            <param index="0">
              <value>
                <![CDATA[Insurance Application Single - Quote]]>
              </value>
            </param>
          </params>
          <reporter-output>
          </reporter-output>
        </test-method> <!-- feature -->
        <test-method status="PASS" signature="tearDownClass()[pri:0, instance:cucumberOptions.TestRunner@7225790e]" name="tearDownClass" is-config="true" duration-ms="1310" started-at="2018-03-18T23:55:04Z" finished-at="2018-03-18T23:55:05Z">
          <reporter-output>
          </reporter-output>
        </test-method> <!-- tearDownClass -->
      </class> <!-- cucumberOptions.TestRunner -->
    </test> <!-- Test -->
  </suite> <!-- Suite -->
</testng-results>
