<?xml version="1.0" encoding="UTF-8" standalone="no"?>
<testsuite failures="0" name="cucumber.runtime.formatter.JUnitFormatter" skipped="0" tests="2" time="81.116714">
<testcase classname="Insurance Application Single - Quote" name="Pet Insurance Dog - Page 1" time="49.836859">
<system-out><![CDATA[Given The User is on Pet Insurance Home Page................................passed
When User enters the following..............................................passed
And User submits the page...................................................passed
Then Pet Insurance Page 2 is loaded and Quote is displayed..................passed
]]></system-out>
</testcase>
<testcase classname="Insurance Application Single - Quote" name="Pet Insurance Cat - Page 1" time="31.279855">
<system-out><![CDATA[Given The User is on Pet Insurance Home Page................................passed
When User enters the following..............................................passed
And User submits the page...................................................passed
Then Pet Insurance Page 2 is loaded and Quote is displayed..................passed
]]></system-out>
</testcase>
</testsuite>
